[2026-05-06 17:46:20] CMD: ls -la work/ | SUCCESS: True | OUTPUT_LEN: 535
[2026-05-06 17:48:12] CMD: ls ["-la", "work/"] | SUCCESS: True | OUTPUT_LEN: 91
[2026-05-06 17:48:40] CMD: ls [-la, work/] | SUCCESS: True | OUTPUT_LEN: 87
[2026-05-06 17:48:51] CMD: ls [-la, work/] | SUCCESS: True | OUTPUT_LEN: 87
[2026-05-06 17:49:24] CMD: ls -la work/ | SUCCESS: True | OUTPUT_LEN: 596
[2026-05-06 17:49:38] CMD: ls -la work/ | SUCCESS: True | OUTPUT_LEN: 596
[2026-05-06 18:03:22] CMD: ls -la work/ | SUCCESS: True | OUTPUT_LEN: 596
[2026-05-06 18:04:10] CMD: ls [-la, work/] | SUCCESS: True | OUTPUT_LEN: 153
[2026-05-06 18:04:37] CMD: ls [-la, work/] | SUCCESS: True | OUTPUT_LEN: 153
[2026-05-06 18:05:42] CMD: ls -la work/ | SUCCESS: True | OUTPUT_LEN: 596
[2026-05-06 18:07:44] CMD: chmod | SUCCESS: True | OUTPUT_LEN: 77
[2026-05-06 18:07:44] CMD: ls -la | SUCCESS: True | OUTPUT_LEN: 2166
[2026-05-06 18:11:49] CMD: ls -la work/ | SUCCESS: True | OUTPUT_LEN: 649
[2026-05-06 18:12:12] CMD: ls -la work/ | SUCCESS: True | OUTPUT_LEN: 649
[2026-05-06 18:12:48] CMD: ls -la work/ | SUCCESS: True | OUTPUT_LEN: 649
[2026-05-06 18:13:57] CMD: echo Hello from Terminal tool! | SUCCESS: True | OUTPUT_LEN: 26
[2026-05-06 20:10:10] CMD: ls | SUCCESS: True | OUTPUT_LEN: 414
[2026-05-06 20:10:10] CMD: uname | SUCCESS: False | OUTPUT_LEN: 0
[2026-05-06 20:10:10] CMD: which java | SUCCESS: False | OUTPUT_LEN: 0
[2026-05-06 20:10:10] CMD: java -version | SUCCESS: False | OUTPUT_LEN: 0
[2026-05-06 20:19:44] CMD: echo <arg>test123</arg> | SUCCESS: True | OUTPUT_LEN: 19
[2026-05-06 22:48:43] CMD: mkdir -p javafx-headless-scraper/src/main/java/com/scraper | SUCCESS: True | OUTPUT_LEN: 0
[2026-05-06 22:48:43] CMD: cd javafx-headless-scraper | SUCCESS: False | OUTPUT_LEN: 0
[2026-05-06 22:48:43] CMD: mvn clean</arg1><arg2>compile | SUCCESS: False | OUTPUT_LEN: 0
[2026-05-06 22:48:43] CMD: mvn javafx:run -Djavafx.mainClass=com.scraper.UrlSourceFetcher https://example.com | SUCCESS: False | OUTPUT_LEN: 0
[2026-05-06 22:48:48] CMD: ls -la | SUCCESS: True | OUTPUT_LEN: 2287
